Analysis & Synthesis report for Lab4_Sohail_M
Mon Apr 09 10:35:39 2018
Quartus Prime Version 17.1.0 Build 590 10/25/2017 SJ Lite Edition


---------------------
; Table of Contents ;
---------------------
  1. Legal Notice
  2. Analysis & Synthesis Summary
  3. Analysis & Synthesis Settings
  4. Parallel Compilation
  5. Analysis & Synthesis Source Files Read
  6. Analysis & Synthesis Resource Usage Summary
  7. Analysis & Synthesis Resource Utilization by Entity
  8. Analysis & Synthesis RAM Summary
  9. State Machine - |Lab4_Sohail_M|button_shaper:ld1button|state
 10. State Machine - |Lab4_Sohail_M|access_control:a1|state
 11. State Machine - |Lab4_Sohail_M|button_shaper:ld2button|state
 12. State Machine - |Lab4_Sohail_M|button_shaper:b1|state
 13. Registers Removed During Synthesis
 14. General Register Statistics
 15. Multiplexer Restructuring Statistics (Restructuring Performed)
 16. Source assignments for ROM_Top_Test:rmt|altsyncram:altsyncram_component|altsyncram_2a91:auto_generated
 17. Parameter Settings for User Entity Instance: button_shaper:b1
 18. Parameter Settings for User Entity Instance: button_shaper:ld2button
 19. Parameter Settings for User Entity Instance: ROM_Top_Test:rmt|altsyncram:altsyncram_component
 20. Parameter Settings for User Entity Instance: access_control:a1
 21. Parameter Settings for User Entity Instance: randomNumb:rnb|button_inv:binv
 22. Parameter Settings for User Entity Instance: button_shaper:ld1button
 23. altsyncram Parameter Settings by Entity Instance
 24. Port Connectivity Checks: "load_register:l1"
 25. Post-Synthesis Netlist Statistics for Top Partition
 26. Elapsed Time Per Partition
 27. Analysis & Synthesis Messages
 28. Analysis & Synthesis Suppressed Messages



----------------
; Legal Notice ;
----------------
Copyright (C) 2017  Intel Corporation. All rights reserved.
Your use of Intel Corporation's design tools, logic functions 
and other software and tools, and its AMPP partner logic 
functions, and any output files from any of the foregoing 
(including device programming or simulation files), and any 
associated documentation or information are expressly subject 
to the terms and conditions of the Intel Program License 
Subscription Agreement, the Intel Quartus Prime License Agreement,
the Intel FPGA IP License Agreement, or other applicable license
agreement, including, without limitation, that your use is for
the sole purpose of programming logic devices manufactured by
Intel and sold by Intel or its authorized distributors.  Please
refer to the applicable agreement for further details.



+----------------------------------------------------------------------------------+
; Analysis & Synthesis Summary                                                     ;
+------------------------------------+---------------------------------------------+
; Analysis & Synthesis Status        ; Successful - Mon Apr 09 10:35:39 2018       ;
; Quartus Prime Version              ; 17.1.0 Build 590 10/25/2017 SJ Lite Edition ;
; Revision Name                      ; Lab4_Sohail_M                               ;
; Top-level Entity Name              ; Lab4_Sohail_M                               ;
; Family                             ; Cyclone IV E                                ;
; Total logic elements               ; 166                                         ;
;     Total combinational functions  ; 158                                         ;
;     Dedicated logic registers      ; 78                                          ;
; Total registers                    ; 78                                          ;
; Total pins                         ; 58                                          ;
; Total virtual pins                 ; 0                                           ;
; Total memory bits                  ; 64                                          ;
; Embedded Multiplier 9-bit elements ; 0                                           ;
; Total PLLs                         ; 0                                           ;
+------------------------------------+---------------------------------------------+


+----------------------------------------------------------------------------------------------------------------------+
; Analysis & Synthesis Settings                                                                                        ;
+----------------------------------------------------------------------------+--------------------+--------------------+
; Option                                                                     ; Setting            ; Default Value      ;
+----------------------------------------------------------------------------+--------------------+--------------------+
; Device                                                                     ; EP4CE115F29C7      ;                    ;
; Top-level entity name                                                      ; Lab4_Sohail_M      ; Lab4_Sohail_M      ;
; Family name                                                                ; Cyclone IV E       ; Cyclone V          ;
; Use smart compilation                                                      ; Off                ; Off                ;
; Enable parallel Assembler and TimeQuest Timing Analyzer during compilation ; On                 ; On                 ;
; Enable compact report table                                                ; Off                ; Off                ;
; Restructure Multiplexers                                                   ; Auto               ; Auto               ;
; Create Debugging Nodes for IP Cores                                        ; Off                ; Off                ;
; Preserve fewer node names                                                  ; On                 ; On                 ;
; Intel FPGA IP Evaluation Mode                                              ; Enable             ; Enable             ;
; Verilog Version                                                            ; Verilog_2001       ; Verilog_2001       ;
; VHDL Version                                                               ; VHDL_1993          ; VHDL_1993          ;
; State Machine Processing                                                   ; Auto               ; Auto               ;
; Safe State Machine                                                         ; Off                ; Off                ;
; Extract Verilog State Machines                                             ; On                 ; On                 ;
; Extract VHDL State Machines                                                ; On                 ; On                 ;
; Ignore Verilog initial constructs                                          ; Off                ; Off                ;
; Iteration limit for constant Verilog loops                                 ; 5000               ; 5000               ;
; Iteration limit for non-constant Verilog loops                             ; 250                ; 250                ;
; Add Pass-Through Logic to Inferred RAMs                                    ; On                 ; On                 ;
; Infer RAMs from Raw Logic                                                  ; On                 ; On                 ;
; Parallel Synthesis                                                         ; On                 ; On                 ;
; DSP Block Balancing                                                        ; Auto               ; Auto               ;
; NOT Gate Push-Back                                                         ; On                 ; On                 ;
; Power-Up Don't Care                                                        ; On                 ; On                 ;
; Remove Redundant Logic Cells                                               ; Off                ; Off                ;
; Remove Duplicate Registers                                                 ; On                 ; On                 ;
; Ignore CARRY Buffers                                                       ; Off                ; Off                ;
; Ignore CASCADE Buffers                                                     ; Off                ; Off                ;
; Ignore GLOBAL Buffers                                                      ; Off                ; Off                ;
; Ignore ROW GLOBAL Buffers                                                  ; Off                ; Off                ;
; Ignore LCELL Buffers                                                       ; Off                ; Off                ;
; Ignore SOFT Buffers                                                        ; On                 ; On                 ;
; Limit AHDL Integers to 32 Bits                                             ; Off                ; Off                ;
; Optimization Technique                                                     ; Balanced           ; Balanced           ;
; Carry Chain Length                                                         ; 70                 ; 70                 ;
; Auto Carry Chains                                                          ; On                 ; On                 ;
; Auto Open-Drain Pins                                                       ; On                 ; On                 ;
; Perform WYSIWYG Primitive Resynthesis                                      ; Off                ; Off                ;
; Auto ROM Replacement                                                       ; On                 ; On                 ;
; Auto RAM Replacement                                                       ; On                 ; On                 ;
; Auto DSP Block Replacement                                                 ; On                 ; On                 ;
; Auto Shift Register Replacement                                            ; Auto               ; Auto               ;
; Allow Shift Register Merging across Hierarchies                            ; Auto               ; Auto               ;
; Auto Clock Enable Replacement                                              ; On                 ; On                 ;
; Strict RAM Replacement                                                     ; Off                ; Off                ;
; Allow Synchronous Control Signals                                          ; On                 ; On                 ;
; Force Use of Synchronous Clear Signals                                     ; Off                ; Off                ;
; Auto RAM Block Balancing                                                   ; On                 ; On                 ;
; Auto RAM to Logic Cell Conversion                                          ; Off                ; Off                ;
; Auto Resource Sharing                                                      ; Off                ; Off                ;
; Allow Any RAM Size For Recognition                                         ; Off                ; Off                ;
; Allow Any ROM Size For Recognition                                         ; Off                ; Off                ;
; Allow Any Shift Register Size For Recognition                              ; Off                ; Off                ;
; Use LogicLock Constraints during Resource Balancing                        ; On                 ; On                 ;
; Ignore translate_off and synthesis_off directives                          ; Off                ; Off                ;
; Timing-Driven Synthesis                                                    ; On                 ; On                 ;
; Report Parameter Settings                                                  ; On                 ; On                 ;
; Report Source Assignments                                                  ; On                 ; On                 ;
; Report Connectivity Checks                                                 ; On                 ; On                 ;
; Ignore Maximum Fan-Out Assignments                                         ; Off                ; Off                ;
; Synchronization Register Chain Length                                      ; 2                  ; 2                  ;
; Power Optimization During Synthesis                                        ; Normal compilation ; Normal compilation ;
; HDL message level                                                          ; Level2             ; Level2             ;
; Suppress Register Optimization Related Messages                            ; Off                ; Off                ;
; Number of Removed Registers Reported in Synthesis Report                   ; 5000               ; 5000               ;
; Number of Swept Nodes Reported in Synthesis Report                         ; 5000               ; 5000               ;
; Number of Inverted Registers Reported in Synthesis Report                  ; 100                ; 100                ;
; Clock MUX Protection                                                       ; On                 ; On                 ;
; Auto Gated Clock Conversion                                                ; Off                ; Off                ;
; Block Design Naming                                                        ; Auto               ; Auto               ;
; SDC constraint protection                                                  ; Off                ; Off                ;
; Synthesis Effort                                                           ; Auto               ; Auto               ;
; Shift Register Replacement - Allow Asynchronous Clear Signal               ; On                 ; On                 ;
; Pre-Mapping Resynthesis Optimization                                       ; Off                ; Off                ;
; Analysis & Synthesis Message Level                                         ; Medium             ; Medium             ;
; Disable Register Merging Across Hierarchies                                ; Auto               ; Auto               ;
; Resource Aware Inference For Block RAM                                     ; On                 ; On                 ;
+----------------------------------------------------------------------------+--------------------+--------------------+


+------------------------------------------+
; Parallel Compilation                     ;
+----------------------------+-------------+
; Processors                 ; Number      ;
+----------------------------+-------------+
; Number detected on machine ; 4           ;
; Maximum allowed            ; 2           ;
;                            ;             ;
; Average used               ; 1.00        ;
; Maximum used               ; 2           ;
;                            ;             ;
; Usage by Processor         ; % Time Used ;
;     Processor 1            ; 100.0%      ;
;     Processor 2            ;   0.0%      ;
+----------------------------+-------------+


+---------------------------------------------------------------------------------------------------------------------------------------------------------------------------------------+
; Analysis & Synthesis Source Files Read                                                                                                                                                ;
+------------------------------------------+-----------------+------------------------------+---------------------------------------------------------------------------------+---------+
; File Name with User-Entered Path         ; Used in Netlist ; File Type                    ; File Name with Absolute Path                                                    ; Library ;
+------------------------------------------+-----------------+------------------------------+---------------------------------------------------------------------------------+---------+
; ../sim/timer.v                           ; yes             ; User Verilog HDL File        ; C:/intelFPGA/17.1/Lab4_RNGandROm_Sohail_M/sim/timer.v                           ;         ;
; ../sim/seven_seg.v                       ; yes             ; User Verilog HDL File        ; C:/intelFPGA/17.1/Lab4_RNGandROm_Sohail_M/sim/seven_seg.v                       ;         ;
; ../sim/ROM_Top_Test.v                    ; yes             ; User Wizard-Generated File   ; C:/intelFPGA/17.1/Lab4_RNGandROm_Sohail_M/sim/ROM_Top_Test.v                    ;         ;
; ../sim/randomNumber.v                    ; yes             ; User Verilog HDL File        ; C:/intelFPGA/17.1/Lab4_RNGandROm_Sohail_M/sim/randomNumber.v                    ;         ;
; ../sim/load_register.v                   ; yes             ; User Verilog HDL File        ; C:/intelFPGA/17.1/Lab4_RNGandROm_Sohail_M/sim/load_register.v                   ;         ;
; ../sim/Lab3_Sohail_M.v                   ; yes             ; User Verilog HDL File        ; C:/intelFPGA/17.1/Lab4_RNGandROm_Sohail_M/sim/Lab3_Sohail_M.v                   ;         ;
; ../sim/Lab2_Scrambler_SohailShareef_Md.v ; yes             ; User Verilog HDL File        ; C:/intelFPGA/17.1/Lab4_RNGandROm_Sohail_M/sim/Lab2_Scrambler_SohailShareef_Md.v ;         ;
; ../sim/counter.v                         ; yes             ; User Verilog HDL File        ; C:/intelFPGA/17.1/Lab4_RNGandROm_Sohail_M/sim/counter.v                         ;         ;
; ../sim/buttonInversion.v                 ; yes             ; User Verilog HDL File        ; C:/intelFPGA/17.1/Lab4_RNGandROm_Sohail_M/sim/buttonInversion.v                 ;         ;
; ../sim/button_shaper.v                   ; yes             ; User Verilog HDL File        ; C:/intelFPGA/17.1/Lab4_RNGandROm_Sohail_M/sim/button_shaper.v                   ;         ;
; ../sim/adder.v                           ; yes             ; User Verilog HDL File        ; C:/intelFPGA/17.1/Lab4_RNGandROm_Sohail_M/sim/adder.v                           ;         ;
; ../sim/access_control_lab4.v             ; yes             ; User Verilog HDL File        ; C:/intelFPGA/17.1/Lab4_RNGandROm_Sohail_M/sim/access_control_lab4.v             ;         ;
; altsyncram.tdf                           ; yes             ; Megafunction                 ; c:/intelfpga_lite/17.1/quartus/libraries/megafunctions/altsyncram.tdf           ;         ;
; stratix_ram_block.inc                    ; yes             ; Megafunction                 ; c:/intelfpga_lite/17.1/quartus/libraries/megafunctions/stratix_ram_block.inc    ;         ;
; lpm_mux.inc                              ; yes             ; Megafunction                 ; c:/intelfpga_lite/17.1/quartus/libraries/megafunctions/lpm_mux.inc              ;         ;
; lpm_decode.inc                           ; yes             ; Megafunction                 ; c:/intelfpga_lite/17.1/quartus/libraries/megafunctions/lpm_decode.inc           ;         ;
; aglobal171.inc                           ; yes             ; Megafunction                 ; c:/intelfpga_lite/17.1/quartus/libraries/megafunctions/aglobal171.inc           ;         ;
; a_rdenreg.inc                            ; yes             ; Megafunction                 ; c:/intelfpga_lite/17.1/quartus/libraries/megafunctions/a_rdenreg.inc            ;         ;
; altrom.inc                               ; yes             ; Megafunction                 ; c:/intelfpga_lite/17.1/quartus/libraries/megafunctions/altrom.inc               ;         ;
; altram.inc                               ; yes             ; Megafunction                 ; c:/intelfpga_lite/17.1/quartus/libraries/megafunctions/altram.inc               ;         ;
; altdpram.inc                             ; yes             ; Megafunction                 ; c:/intelfpga_lite/17.1/quartus/libraries/megafunctions/altdpram.inc             ;         ;
; db/altsyncram_2a91.tdf                   ; yes             ; Auto-Generated Megafunction  ; C:/intelFPGA/17.1/Lab4_RNGandROm_Sohail_M/syn3/db/altsyncram_2a91.tdf           ;         ;
+------------------------------------------+-----------------+------------------------------+---------------------------------------------------------------------------------+---------+


+---------------------------------------------------------+
; Analysis & Synthesis Resource Usage Summary             ;
+---------------------------------------------+-----------+
; Resource                                    ; Usage     ;
+---------------------------------------------+-----------+
; Estimated Total logic elements              ; 166       ;
;                                             ;           ;
; Total combinational functions               ; 158       ;
; Logic element usage by number of LUT inputs ;           ;
;     -- 4 input functions                    ; 84        ;
;     -- 3 input functions                    ; 27        ;
;     -- <=2 input functions                  ; 47        ;
;                                             ;           ;
; Logic elements by mode                      ;           ;
;     -- normal mode                          ; 127       ;
;     -- arithmetic mode                      ; 31        ;
;                                             ;           ;
; Total registers                             ; 78        ;
;     -- Dedicated logic registers            ; 78        ;
;     -- I/O registers                        ; 0         ;
;                                             ;           ;
; I/O pins                                    ; 58        ;
; Total memory bits                           ; 64        ;
;                                             ;           ;
; Embedded Multiplier 9-bit elements          ; 0         ;
;                                             ;           ;
; Maximum fan-out node                        ; clk~input ;
; Maximum fan-out                             ; 82        ;
; Total fan-out                               ; 882       ;
; Average fan-out                             ; 2.48      ;
+---------------------------------------------+-----------+


+--------------------------------------------------------------------------------------------------------------------------------------------------------------------------------------------------------------------------------------------------------------------------------------------------------+
; Analysis & Synthesis Resource Utilization by Entity                                                                                                                                                                                                                                                    ;
+-------------------------------------------+---------------------+---------------------------+-------------+--------------+---------+-----------+------+--------------+------------------------------------------------------------------------------------------------+-----------------+--------------+
; Compilation Hierarchy Node                ; Combinational ALUTs ; Dedicated Logic Registers ; Memory Bits ; DSP Elements ; DSP 9x9 ; DSP 18x18 ; Pins ; Virtual Pins ; Full Hierarchy Name                                                                            ; Entity Name     ; Library Name ;
+-------------------------------------------+---------------------+---------------------------+-------------+--------------+---------+-----------+------+--------------+------------------------------------------------------------------------------------------------+-----------------+--------------+
; |Lab4_Sohail_M                            ; 158 (0)             ; 78 (0)                    ; 64          ; 0            ; 0       ; 0         ; 58   ; 0            ; |Lab4_Sohail_M                                                                                 ; Lab4_Sohail_M   ; work         ;
;    |ROM_Top_Test:rmt|                     ; 0 (0)               ; 0 (0)                     ; 64          ; 0            ; 0       ; 0         ; 0    ; 0            ; |Lab4_Sohail_M|ROM_Top_Test:rmt                                                                ; ROM_Top_Test    ; work         ;
;       |altsyncram:altsyncram_component|   ; 0 (0)               ; 0 (0)                     ; 64          ; 0            ; 0       ; 0         ; 0    ; 0            ; |Lab4_Sohail_M|ROM_Top_Test:rmt|altsyncram:altsyncram_component                                ; altsyncram      ; work         ;
;          |altsyncram_2a91:auto_generated| ; 0 (0)               ; 0 (0)                     ; 64          ; 0            ; 0       ; 0         ; 0    ; 0            ; |Lab4_Sohail_M|ROM_Top_Test:rmt|altsyncram:altsyncram_component|altsyncram_2a91:auto_generated ; altsyncram_2a91 ; work         ;
;    |access_control:a1|                    ; 26 (26)             ; 15 (15)                   ; 0           ; 0            ; 0       ; 0         ; 0    ; 0            ; |Lab4_Sohail_M|access_control:a1                                                               ; access_control  ; work         ;
;    |adder:addnums|                        ; 4 (4)               ; 0 (0)                     ; 0           ; 0            ; 0       ; 0         ; 0    ; 0            ; |Lab4_Sohail_M|adder:addnums                                                                   ; adder           ; work         ;
;    |button_shaper:b1|                     ; 2 (2)               ; 2 (2)                     ; 0           ; 0            ; 0       ; 0         ; 0    ; 0            ; |Lab4_Sohail_M|button_shaper:b1                                                                ; button_shaper   ; work         ;
;    |button_shaper:ld1button|              ; 2 (2)               ; 2 (2)                     ; 0           ; 0            ; 0       ; 0         ; 0    ; 0            ; |Lab4_Sohail_M|button_shaper:ld1button                                                         ; button_shaper   ; work         ;
;    |button_shaper:ld2button|              ; 2 (2)               ; 2 (2)                     ; 0           ; 0            ; 0       ; 0         ; 0    ; 0            ; |Lab4_Sohail_M|button_shaper:ld2button                                                         ; button_shaper   ; work         ;
;    |load_register:l1|                     ; 5 (5)               ; 4 (4)                     ; 0           ; 0            ; 0       ; 0         ; 0    ; 0            ; |Lab4_Sohail_M|load_register:l1                                                                ; load_register   ; work         ;
;    |load_register:l2|                     ; 1 (1)               ; 4 (4)                     ; 0           ; 0            ; 0       ; 0         ; 0    ; 0            ; |Lab4_Sohail_M|load_register:l2                                                                ; load_register   ; work         ;
;    |randomNumb:rnb|                       ; 5 (0)               ; 5 (0)                     ; 0           ; 0            ; 0       ; 0         ; 0    ; 0            ; |Lab4_Sohail_M|randomNumb:rnb                                                                  ; randomNumb      ; work         ;
;       |button_inv:binv|                   ; 1 (1)               ; 1 (1)                     ; 0           ; 0            ; 0       ; 0         ; 0    ; 0            ; |Lab4_Sohail_M|randomNumb:rnb|button_inv:binv                                                  ; button_inv      ; work         ;
;       |counter:cuntr|                     ; 4 (4)               ; 4 (4)                     ; 0           ; 0            ; 0       ; 0         ; 0    ; 0            ; |Lab4_Sohail_M|randomNumb:rnb|counter:cuntr                                                    ; counter         ; work         ;
;    |seven_seg:sevensegnum1|               ; 7 (7)               ; 0 (0)                     ; 0           ; 0            ; 0       ; 0         ; 0    ; 0            ; |Lab4_Sohail_M|seven_seg:sevensegnum1                                                          ; seven_seg       ; work         ;
;    |seven_seg:sevensegnum2|               ; 7 (7)               ; 0 (0)                     ; 0           ; 0            ; 0       ; 0         ; 0    ; 0            ; |Lab4_Sohail_M|seven_seg:sevensegnum2                                                          ; seven_seg       ; work         ;
;    |seven_seg:sevensegnum3|               ; 7 (7)               ; 0 (0)                     ; 0           ; 0            ; 0       ; 0         ; 0    ; 0            ; |Lab4_Sohail_M|seven_seg:sevensegnum3                                                          ; seven_seg       ; work         ;
;    |seven_seg:sevensegnum4|               ; 7 (7)               ; 0 (0)                     ; 0           ; 0            ; 0       ; 0         ; 0    ; 0            ; |Lab4_Sohail_M|seven_seg:sevensegnum4                                                          ; seven_seg       ; work         ;
;    |seven_seg:sevensegnum5|               ; 7 (7)               ; 0 (0)                     ; 0           ; 0            ; 0       ; 0         ; 0    ; 0            ; |Lab4_Sohail_M|seven_seg:sevensegnum5                                                          ; seven_seg       ; work         ;
;    |t_timer:tim|                          ; 72 (72)             ; 44 (44)                   ; 0           ; 0            ; 0       ; 0         ; 0    ; 0            ; |Lab4_Sohail_M|t_timer:tim                                                                     ; t_timer         ; work         ;
;    |unscramble:unscramblenum2|            ; 4 (4)               ; 0 (0)                     ; 0           ; 0            ; 0       ; 0         ; 0    ; 0            ; |Lab4_Sohail_M|unscramble:unscramblenum2                                                       ; unscramble      ; work         ;
+-------------------------------------------+---------------------+---------------------------+-------------+--------------+---------+-----------+------+--------------+------------------------------------------------------------------------------------------------+-----------------+--------------+
Note: For table entries with two numbers listed, the numbers in parentheses indicate the number of resources of the given type used by the specific entity alone. The numbers listed outside of parentheses indicate the total resources of the given type used by the specific entity and all of its sub-entities in the hierarchy.


+-------------------------------------------------------------------------------------------------------------------------------------------------------------------------------------------+
; Analysis & Synthesis RAM Summary                                                                                                                                                          ;
+--------------------------------------------------------------------------------------------+------+------+--------------+--------------+--------------+--------------+------+-------------+
; Name                                                                                       ; Type ; Mode ; Port A Depth ; Port A Width ; Port B Depth ; Port B Width ; Size ; MIF         ;
+--------------------------------------------------------------------------------------------+------+------+--------------+--------------+--------------+--------------+------+-------------+
; ROM_Top_Test:rmt|altsyncram:altsyncram_component|altsyncram_2a91:auto_generated|ALTSYNCRAM ; AUTO ; ROM  ; 16           ; 4            ; --           ; --           ; 64   ; ROM_top.mif ;
+--------------------------------------------------------------------------------------------+------+------+--------------+--------------+--------------+--------------+------+-------------+


Encoding Type:  One-Hot
+--------------------------------------------------------------+
; State Machine - |Lab4_Sohail_M|button_shaper:ld1button|state ;
+--------------+--------------+--------------+-----------------+
; Name         ; state.s_wait ; state.state2 ; state.state1    ;
+--------------+--------------+--------------+-----------------+
; state.s_wait ; 0            ; 0            ; 0               ;
; state.state1 ; 1            ; 0            ; 1               ;
; state.state2 ; 1            ; 1            ; 0               ;
+--------------+--------------+--------------+-----------------+


Encoding Type:  One-Hot
+------------------------------------------------------------------------------------+
; State Machine - |Lab4_Sohail_M|access_control:a1|state                             ;
+--------------+----------+----------+----------+----------+----------+--------------+
; Name         ; state.s7 ; state.s5 ; state.s3 ; state.s2 ; state.s1 ; state.s_wait ;
+--------------+----------+----------+----------+----------+----------+--------------+
; state.s_wait ; 0        ; 0        ; 0        ; 0        ; 0        ; 0            ;
; state.s1     ; 0        ; 0        ; 0        ; 0        ; 1        ; 1            ;
; state.s2     ; 0        ; 0        ; 0        ; 1        ; 0        ; 1            ;
; state.s3     ; 0        ; 0        ; 1        ; 0        ; 0        ; 1            ;
; state.s5     ; 0        ; 1        ; 0        ; 0        ; 0        ; 1            ;
; state.s7     ; 1        ; 0        ; 0        ; 0        ; 0        ; 1            ;
+--------------+----------+----------+----------+----------+----------+--------------+


Encoding Type:  One-Hot
+--------------------------------------------------------------+
; State Machine - |Lab4_Sohail_M|button_shaper:ld2button|state ;
+--------------+--------------+--------------+-----------------+
; Name         ; state.s_wait ; state.state2 ; state.state1    ;
+--------------+--------------+--------------+-----------------+
; state.s_wait ; 0            ; 0            ; 0               ;
; state.state1 ; 1            ; 0            ; 1               ;
; state.state2 ; 1            ; 1            ; 0               ;
+--------------+--------------+--------------+-----------------+


Encoding Type:  One-Hot
+-----------------------------------------------------------+
; State Machine - |Lab4_Sohail_M|button_shaper:b1|state     ;
+--------------+--------------+--------------+--------------+
; Name         ; state.s_wait ; state.state2 ; state.state1 ;
+--------------+--------------+--------------+--------------+
; state.s_wait ; 0            ; 0            ; 0            ;
; state.state1 ; 1            ; 0            ; 1            ;
; state.state2 ; 1            ; 1            ; 0            ;
+--------------+--------------+--------------+--------------+


+------------------------------------------------------------------------+
; Registers Removed During Synthesis                                     ;
+----------------------------------------+-------------------------------+
; Register name                          ; Reason for Removal            ;
+----------------------------------------+-------------------------------+
; t_timer:tim|splayer                    ; Merged with t_timer:tim|flag1 ;
; button_shaper:ld1button|state.state2   ; Lost fanout                   ;
; button_shaper:ld2button|state.state2   ; Lost fanout                   ;
; button_shaper:b1|state.state2          ; Lost fanout                   ;
; button_shaper:ld1button|state~4        ; Lost fanout                   ;
; access_control:a1|state~2              ; Lost fanout                   ;
; access_control:a1|state~3              ; Lost fanout                   ;
; access_control:a1|state~4              ; Lost fanout                   ;
; button_shaper:ld2button|state~4        ; Lost fanout                   ;
; button_shaper:b1|state~4               ; Lost fanout                   ;
; Total Number of Removed Registers = 10 ;                               ;
+----------------------------------------+-------------------------------+


+------------------------------------------------------+
; General Register Statistics                          ;
+----------------------------------------------+-------+
; Statistic                                    ; Value ;
+----------------------------------------------+-------+
; Total registers                              ; 78    ;
; Number of registers using Synchronous Clear  ; 48    ;
; Number of registers using Synchronous Load   ; 1     ;
; Number of registers using Asynchronous Clear ; 0     ;
; Number of registers using Asynchronous Load  ; 0     ;
; Number of registers using Clock Enable       ; 54    ;
; Number of registers using Preset             ; 0     ;
+----------------------------------------------+-------+


+------------------------------------------------------------------------------------------------------------------------------------------------------+
; Multiplexer Restructuring Statistics (Restructuring Performed)                                                                                       ;
+--------------------+-----------+---------------+----------------------+------------------------+------------+----------------------------------------+
; Multiplexer Inputs ; Bus Width ; Baseline Area ; Area if Restructured ; Saving if Restructured ; Registered ; Example Multiplexer Output             ;
+--------------------+-----------+---------------+----------------------+------------------------+------------+----------------------------------------+
; 3:1                ; 4 bits    ; 8 LEs         ; 4 LEs                ; 4 LEs                  ; Yes        ; |Lab4_Sohail_M|load_register:l1|R[0]   ;
; 3:1                ; 4 bits    ; 8 LEs         ; 4 LEs                ; 4 LEs                  ; Yes        ; |Lab4_Sohail_M|load_register:l2|R[3]   ;
; 4:1                ; 26 bits   ; 52 LEs        ; 26 LEs               ; 26 LEs                 ; Yes        ; |Lab4_Sohail_M|t_timer:tim|slow_clk[6] ;
; 6:1                ; 4 bits    ; 16 LEs        ; 8 LEs                ; 8 LEs                  ; Yes        ; |Lab4_Sohail_M|t_timer:tim|timer2[2]   ;
; 6:1                ; 4 bits    ; 16 LEs        ; 8 LEs                ; 8 LEs                  ; Yes        ; |Lab4_Sohail_M|t_timer:tim|timer1[3]   ;
+--------------------+-----------+---------------+----------------------+------------------------+------------+----------------------------------------+


+--------------------------------------------------------------------------------------------------------+
; Source assignments for ROM_Top_Test:rmt|altsyncram:altsyncram_component|altsyncram_2a91:auto_generated ;
+---------------------------------+--------------------+------+------------------------------------------+
; Assignment                      ; Value              ; From ; To                                       ;
+---------------------------------+--------------------+------+------------------------------------------+
; OPTIMIZE_POWER_DURING_SYNTHESIS ; NORMAL_COMPILATION ; -    ; -                                        ;
+---------------------------------+--------------------+------+------------------------------------------+


+---------------------------------------------------------------+
; Parameter Settings for User Entity Instance: button_shaper:b1 ;
+----------------+-------+--------------------------------------+
; Parameter Name ; Value ; Type                                 ;
+----------------+-------+--------------------------------------+
; s_wait         ; 0     ; Signed Integer                       ;
; state1         ; 1     ; Signed Integer                       ;
; state2         ; 2     ; Signed Integer                       ;
; state3         ; 3     ; Signed Integer                       ;
+----------------+-------+--------------------------------------+
Note: In order to hide this table in the UI and the text report file, please set the "Show Parameter Settings in Synthesis Report" option in "Analysis and Synthesis Settings -> More Settings" to "Off".


+----------------------------------------------------------------------+
; Parameter Settings for User Entity Instance: button_shaper:ld2button ;
+----------------+-------+---------------------------------------------+
; Parameter Name ; Value ; Type                                        ;
+----------------+-------+---------------------------------------------+
; s_wait         ; 0     ; Signed Integer                              ;
; state1         ; 1     ; Signed Integer                              ;
; state2         ; 2     ; Signed Integer                              ;
; state3         ; 3     ; Signed Integer                              ;
+----------------+-------+---------------------------------------------+
Note: In order to hide this table in the UI and the text report file, please set the "Show Parameter Settings in Synthesis Report" option in "Analysis and Synthesis Settings -> More Settings" to "Off".


+-----------------------------------------------------------------------------------------------+
; Parameter Settings for User Entity Instance: ROM_Top_Test:rmt|altsyncram:altsyncram_component ;
+------------------------------------+----------------------+-----------------------------------+
; Parameter Name                     ; Value                ; Type                              ;
+------------------------------------+----------------------+-----------------------------------+
; BYTE_SIZE_BLOCK                    ; 8                    ; Untyped                           ;
; AUTO_CARRY_CHAINS                  ; ON                   ; AUTO_CARRY                        ;
; IGNORE_CARRY_BUFFERS               ; OFF                  ; IGNORE_CARRY                      ;
; AUTO_CASCADE_CHAINS                ; ON                   ; AUTO_CASCADE                      ;
; IGNORE_CASCADE_BUFFERS             ; OFF                  ; IGNORE_CASCADE                    ;
; WIDTH_BYTEENA                      ; 1                    ; Untyped                           ;
; OPERATION_MODE                     ; ROM                  ; Untyped                           ;
; WIDTH_A                            ; 4                    ; Signed Integer                    ;
; WIDTHAD_A                          ; 4                    ; Signed Integer                    ;
; NUMWORDS_A                         ; 16                   ; Signed Integer                    ;
; OUTDATA_REG_A                      ; CLOCK0               ; Untyped                           ;
; ADDRESS_ACLR_A                     ; NONE                 ; Untyped                           ;
; OUTDATA_ACLR_A                     ; NONE                 ; Untyped                           ;
; WRCONTROL_ACLR_A                   ; NONE                 ; Untyped                           ;
; INDATA_ACLR_A                      ; NONE                 ; Untyped                           ;
; BYTEENA_ACLR_A                     ; NONE                 ; Untyped                           ;
; WIDTH_B                            ; 1                    ; Untyped                           ;
; WIDTHAD_B                          ; 1                    ; Untyped                           ;
; NUMWORDS_B                         ; 1                    ; Untyped                           ;
; INDATA_REG_B                       ; CLOCK1               ; Untyped                           ;
; WRCONTROL_WRADDRESS_REG_B          ; CLOCK1               ; Untyped                           ;
; RDCONTROL_REG_B                    ; CLOCK1               ; Untyped                           ;
; ADDRESS_REG_B                      ; CLOCK1               ; Untyped                           ;
; OUTDATA_REG_B                      ; UNREGISTERED         ; Untyped                           ;
; BYTEENA_REG_B                      ; CLOCK1               ; Untyped                           ;
; INDATA_ACLR_B                      ; NONE                 ; Untyped                           ;
; WRCONTROL_ACLR_B                   ; NONE                 ; Untyped                           ;
; ADDRESS_ACLR_B                     ; NONE                 ; Untyped                           ;
; OUTDATA_ACLR_B                     ; NONE                 ; Untyped                           ;
; RDCONTROL_ACLR_B                   ; NONE                 ; Untyped                           ;
; BYTEENA_ACLR_B                     ; NONE                 ; Untyped                           ;
; WIDTH_BYTEENA_A                    ; 1                    ; Signed Integer                    ;
; WIDTH_BYTEENA_B                    ; 1                    ; Untyped                           ;
; RAM_BLOCK_TYPE                     ; AUTO                 ; Untyped                           ;
; BYTE_SIZE                          ; 8                    ; Untyped                           ;
; READ_DURING_WRITE_MODE_MIXED_PORTS ; DONT_CARE            ; Untyped                           ;
; READ_DURING_WRITE_MODE_PORT_A      ; NEW_DATA_NO_NBE_READ ; Untyped                           ;
; READ_DURING_WRITE_MODE_PORT_B      ; NEW_DATA_NO_NBE_READ ; Untyped                           ;
; INIT_FILE                          ; ROM_top.mif          ; Untyped                           ;
; INIT_FILE_LAYOUT                   ; PORT_A               ; Untyped                           ;
; MAXIMUM_DEPTH                      ; 0                    ; Untyped                           ;
; CLOCK_ENABLE_INPUT_A               ; BYPASS               ; Untyped                           ;
; CLOCK_ENABLE_INPUT_B               ; NORMAL               ; Untyped                           ;
; CLOCK_ENABLE_OUTPUT_A              ; BYPASS               ; Untyped                           ;
; CLOCK_ENABLE_OUTPUT_B              ; NORMAL               ; Untyped                           ;
; CLOCK_ENABLE_CORE_A                ; USE_INPUT_CLKEN      ; Untyped                           ;
; CLOCK_ENABLE_CORE_B                ; USE_INPUT_CLKEN      ; Untyped                           ;
; ENABLE_ECC                         ; FALSE                ; Untyped                           ;
; ECC_PIPELINE_STAGE_ENABLED         ; FALSE                ; Untyped                           ;
; WIDTH_ECCSTATUS                    ; 3                    ; Untyped                           ;
; DEVICE_FAMILY                      ; Cyclone IV E         ; Untyped                           ;
; CBXI_PARAMETER                     ; altsyncram_2a91      ; Untyped                           ;
+------------------------------------+----------------------+-----------------------------------+
Note: In order to hide this table in the UI and the text report file, please set the "Show Parameter Settings in Synthesis Report" option in "Analysis and Synthesis Settings -> More Settings" to "Off".


+----------------------------------------------------------------+
; Parameter Settings for User Entity Instance: access_control:a1 ;
+----------------+-------+---------------------------------------+
; Parameter Name ; Value ; Type                                  ;
+----------------+-------+---------------------------------------+
; s_wait         ; 0     ; Signed Integer                        ;
; s1             ; 1     ; Signed Integer                        ;
; s2             ; 2     ; Signed Integer                        ;
; s3             ; 3     ; Signed Integer                        ;
; s4             ; 4     ; Signed Integer                        ;
; s5             ; 5     ; Signed Integer                        ;
; s6             ; 6     ; Signed Integer                        ;
; s7             ; 7     ; Signed Integer                        ;
; s8             ; 8     ; Signed Integer                        ;
+----------------+-------+---------------------------------------+
Note: In order to hide this table in the UI and the text report file, please set the "Show Parameter Settings in Synthesis Report" option in "Analysis and Synthesis Settings -> More Settings" to "Off".


+-----------------------------------------------------------------------------+
; Parameter Settings for User Entity Instance: randomNumb:rnb|button_inv:binv ;
+----------------+-------+----------------------------------------------------+
; Parameter Name ; Value ; Type                                               ;
+----------------+-------+----------------------------------------------------+
; s_wait         ; 0     ; Signed Integer                                     ;
; state1         ; 1     ; Signed Integer                                     ;
+----------------+-------+----------------------------------------------------+
Note: In order to hide this table in the UI and the text report file, please set the "Show Parameter Settings in Synthesis Report" option in "Analysis and Synthesis Settings -> More Settings" to "Off".


+----------------------------------------------------------------------+
; Parameter Settings for User Entity Instance: button_shaper:ld1button ;
+----------------+-------+---------------------------------------------+
; Parameter Name ; Value ; Type                                        ;
+----------------+-------+---------------------------------------------+
; s_wait         ; 0     ; Signed Integer                              ;
; state1         ; 1     ; Signed Integer                              ;
; state2         ; 2     ; Signed Integer                              ;
; state3         ; 3     ; Signed Integer                              ;
+----------------+-------+---------------------------------------------+
Note: In order to hide this table in the UI and the text report file, please set the "Show Parameter Settings in Synthesis Report" option in "Analysis and Synthesis Settings -> More Settings" to "Off".


+----------------------------------------------------------------------------------------------+
; altsyncram Parameter Settings by Entity Instance                                             ;
+-------------------------------------------+--------------------------------------------------+
; Name                                      ; Value                                            ;
+-------------------------------------------+--------------------------------------------------+
; Number of entity instances                ; 1                                                ;
; Entity Instance                           ; ROM_Top_Test:rmt|altsyncram:altsyncram_component ;
;     -- OPERATION_MODE                     ; ROM                                              ;
;     -- WIDTH_A                            ; 4                                                ;
;     -- NUMWORDS_A                         ; 16                                               ;
;     -- OUTDATA_REG_A                      ; CLOCK0                                           ;
;     -- WIDTH_B                            ; 1                                                ;
;     -- NUMWORDS_B                         ; 1                                                ;
;     -- ADDRESS_REG_B                      ; CLOCK1                                           ;
;     -- OUTDATA_REG_B                      ; UNREGISTERED                                     ;
;     -- RAM_BLOCK_TYPE                     ; AUTO                                             ;
;     -- READ_DURING_WRITE_MODE_MIXED_PORTS ; DONT_CARE                                        ;
+-------------------------------------------+--------------------------------------------------+


+---------------------------------------------------------------------------------------------------------------------------------------------------------------------------------------------------------------------+
; Port Connectivity Checks: "load_register:l1"                                                                                                                                                                        ;
+-------------+-------+----------+------------------------------------------------------------------------------------------------------------------------------------------------------------------------------------+
; Port        ; Type  ; Severity ; Details                                                                                                                                                                            ;
+-------------+-------+----------+------------------------------------------------------------------------------------------------------------------------------------------------------------------------------------+
; splayer     ; Input ; Warning  ; Input port expression (32 bits) is wider than the input port (1 bits) it drives.  The 31 most-significant bit(s) in the expression will be dangling if they have no other fanouts. ;
; splayer[-1] ; Input ; Info     ; Stuck at VCC                                                                                                                                                                       ;
+-------------+-------+----------+------------------------------------------------------------------------------------------------------------------------------------------------------------------------------------+


+-----------------------------------------------------+
; Post-Synthesis Netlist Statistics for Top Partition ;
+-----------------------+-----------------------------+
; Type                  ; Count                       ;
+-----------------------+-----------------------------+
; boundary_port         ; 58                          ;
; cycloneiii_ff         ; 78                          ;
;     ENA               ; 16                          ;
;     ENA SCLR          ; 38                          ;
;     SCLR              ; 10                          ;
;     SLD               ; 1                           ;
;     plain             ; 13                          ;
; cycloneiii_lcell_comb ; 163                         ;
;     arith             ; 31                          ;
;         2 data inputs ; 27                          ;
;         3 data inputs ; 4                           ;
;     normal            ; 132                         ;
;         1 data inputs ; 8                           ;
;         2 data inputs ; 17                          ;
;         3 data inputs ; 23                          ;
;         4 data inputs ; 84                          ;
; cycloneiii_ram_block  ; 4                           ;
;                       ;                             ;
; Max LUT depth         ; 6.00                        ;
; Average LUT depth     ; 2.88                        ;
+-----------------------+-----------------------------+


+-------------------------------+
; Elapsed Time Per Partition    ;
+----------------+--------------+
; Partition Name ; Elapsed Time ;
+----------------+--------------+
; Top            ; 00:00:01     ;
+----------------+--------------+


+-------------------------------+
; Analysis & Synthesis Messages ;
+-------------------------------+
Info: *******************************************************************
Info: Running Quartus Prime Analysis & Synthesis
    Info: Version 17.1.0 Build 590 10/25/2017 SJ Lite Edition
    Info: Processing started: Mon Apr 09 10:35:19 2018
Info: Command: quartus_map --read_settings_files=on --write_settings_files=off Lab4_Sohail_M -c Lab4_Sohail_M
Warning (18236): Number of processors has not been specified which may cause overloading on shared machines.  Set the global assignment NUM_PARALLEL_PROCESSORS in your QSF to an appropriate value for best performance.
Info (20030): Parallel compilation is enabled and will use 2 of the 2 processors detected
Info (12021): Found 1 design units, including 1 entities, in source file /intelfpga/17.1/lab4_rngandrom_sohail_m/sim/timer.v
    Info (12023): Found entity 1: t_timer File: C:/intelFPGA/17.1/Lab4_RNGandROm_Sohail_M/sim/timer.v Line: 1
Info (12021): Found 1 design units, including 1 entities, in source file /intelfpga/17.1/lab4_rngandrom_sohail_m/sim/tb_buttoninversion.v
    Info (12023): Found entity 1: testbench_button_inversion File: C:/intelFPGA/17.1/Lab4_RNGandROm_Sohail_M/sim/tb_buttoninversion.v Line: 5
Info (12021): Found 1 design units, including 1 entities, in source file /intelfpga/17.1/lab4_rngandrom_sohail_m/sim/tb_load_reg.v
    Info (12023): Found entity 1: testb_load_reg File: C:/intelFPGA/17.1/Lab4_RNGandROm_Sohail_M/sim/tb_load_reg.v Line: 5
Info (12021): Found 1 design units, including 1 entities, in source file /intelfpga/17.1/lab4_rngandrom_sohail_m/sim/tb_button_shaper.v
    Info (12023): Found entity 1: testbench_button_shaper File: C:/intelFPGA/17.1/Lab4_RNGandROm_Sohail_M/sim/tb_button_shaper.v Line: 5
Info (12021): Found 1 design units, including 1 entities, in source file /intelfpga/17.1/lab4_rngandrom_sohail_m/sim/tb_accesscontrol.v
    Info (12023): Found entity 1: testb_accesscontrol File: C:/intelFPGA/17.1/Lab4_RNGandROm_Sohail_M/sim/tb_accesscontrol.v Line: 5
Info (12021): Found 0 design units, including 0 entities, in source file /intelfpga/17.1/lab4_rngandrom_sohail_m/sim/shiftregister.v
Info (12021): Found 1 design units, including 1 entities, in source file /intelfpga/17.1/lab4_rngandrom_sohail_m/sim/seven_seg.v
    Info (12023): Found entity 1: seven_seg File: C:/intelFPGA/17.1/Lab4_RNGandROm_Sohail_M/sim/seven_seg.v Line: 4
Info (12021): Found 1 design units, including 1 entities, in source file /intelfpga/17.1/lab4_rngandrom_sohail_m/sim/rom_top_test.v
    Info (12023): Found entity 1: ROM_Top_Test File: C:/intelFPGA/17.1/Lab4_RNGandROm_Sohail_M/sim/ROM_Top_Test.v Line: 39
Info (12021): Found 1 design units, including 1 entities, in source file /intelfpga/17.1/lab4_rngandrom_sohail_m/sim/rng_test.v
    Info (12023): Found entity 1: testbench_randomNumber File: C:/intelFPGA/17.1/Lab4_RNGandROm_Sohail_M/sim/rng_test.v Line: 6
Info (12021): Found 1 design units, including 1 entities, in source file /intelfpga/17.1/lab4_rngandrom_sohail_m/sim/randomnumber.v
    Info (12023): Found entity 1: randomNumb File: C:/intelFPGA/17.1/Lab4_RNGandROm_Sohail_M/sim/randomNumber.v Line: 2
Info (12021): Found 1 design units, including 1 entities, in source file /intelfpga/17.1/lab4_rngandrom_sohail_m/sim/load_register.v
    Info (12023): Found entity 1: load_register File: C:/intelFPGA/17.1/Lab4_RNGandROm_Sohail_M/sim/load_register.v Line: 4
Info (12021): Found 1 design units, including 1 entities, in source file /intelfpga/17.1/lab4_rngandrom_sohail_m/sim/lab3_sohail_m.v
    Info (12023): Found entity 1: Lab4_Sohail_M File: C:/intelFPGA/17.1/Lab4_RNGandROm_Sohail_M/sim/Lab3_Sohail_M.v Line: 4
Info (12021): Found 1 design units, including 1 entities, in source file /intelfpga/17.1/lab4_rngandrom_sohail_m/sim/lab3_accesscontrol_test.v
    Info (12023): Found entity 1: accessControl_tb File: C:/intelFPGA/17.1/Lab4_RNGandROm_Sohail_M/sim/Lab3_accessControl_test.v Line: 3
Info (12021): Found 1 design units, including 1 entities, in source file /intelfpga/17.1/lab4_rngandrom_sohail_m/sim/lab2_scrambler_sohailshareef_md.v
    Info (12023): Found entity 1: unscramble File: C:/intelFPGA/17.1/Lab4_RNGandROm_Sohail_M/sim/Lab2_Scrambler_SohailShareef_Md.v Line: 5
Info (12021): Found 1 design units, including 1 entities, in source file /intelfpga/17.1/lab4_rngandrom_sohail_m/sim/counter.v
    Info (12023): Found entity 1: counter File: C:/intelFPGA/17.1/Lab4_RNGandROm_Sohail_M/sim/counter.v Line: 1
Info (12021): Found 1 design units, including 1 entities, in source file /intelfpga/17.1/lab4_rngandrom_sohail_m/sim/buttoninversion.v
    Info (12023): Found entity 1: button_inv File: C:/intelFPGA/17.1/Lab4_RNGandROm_Sohail_M/sim/buttonInversion.v Line: 6
Info (12021): Found 1 design units, including 1 entities, in source file /intelfpga/17.1/lab4_rngandrom_sohail_m/sim/button_shaper.v
    Info (12023): Found entity 1: button_shaper File: C:/intelFPGA/17.1/Lab4_RNGandROm_Sohail_M/sim/button_shaper.v Line: 5
Info (12021): Found 1 design units, including 1 entities, in source file /intelfpga/17.1/lab4_rngandrom_sohail_m/sim/adder.v
    Info (12023): Found entity 1: adder File: C:/intelFPGA/17.1/Lab4_RNGandROm_Sohail_M/sim/adder.v Line: 4
Info (12021): Found 1 design units, including 1 entities, in source file /intelfpga/17.1/lab4_rngandrom_sohail_m/sim/access_control_lab4.v
    Info (12023): Found entity 1: access_control File: C:/intelFPGA/17.1/Lab4_RNGandROm_Sohail_M/sim/access_control_lab4.v Line: 6
Info (12127): Elaborating entity "Lab4_Sohail_M" for the top level hierarchy
Info (12128): Elaborating entity "button_shaper" for hierarchy "button_shaper:b1" File: C:/intelFPGA/17.1/Lab4_RNGandROm_Sohail_M/sim/Lab3_Sohail_M.v Line: 16
Info (12128): Elaborating entity "ROM_Top_Test" for hierarchy "ROM_Top_Test:rmt" File: C:/intelFPGA/17.1/Lab4_RNGandROm_Sohail_M/sim/Lab3_Sohail_M.v Line: 20
Info (12128): Elaborating entity "altsyncram" for hierarchy "ROM_Top_Test:rmt|altsyncram:altsyncram_component" File: C:/intelFPGA/17.1/Lab4_RNGandROm_Sohail_M/sim/ROM_Top_Test.v Line: 81
Info (12130): Elaborated megafunction instantiation "ROM_Top_Test:rmt|altsyncram:altsyncram_component" File: C:/intelFPGA/17.1/Lab4_RNGandROm_Sohail_M/sim/ROM_Top_Test.v Line: 81
Info (12133): Instantiated megafunction "ROM_Top_Test:rmt|altsyncram:altsyncram_component" with the following parameter: File: C:/intelFPGA/17.1/Lab4_RNGandROm_Sohail_M/sim/ROM_Top_Test.v Line: 81
    Info (12134): Parameter "address_aclr_a" = "NONE"
    Info (12134): Parameter "clock_enable_input_a" = "BYPASS"
    Info (12134): Parameter "clock_enable_output_a" = "BYPASS"
    Info (12134): Parameter "init_file" = "ROM_top.mif"
    Info (12134): Parameter "intended_device_family" = "Cyclone IV E"
    Info (12134): Parameter "lpm_hint" = "ENABLE_RUNTIME_MOD=NO"
    Info (12134): Parameter "lpm_type" = "altsyncram"
    Info (12134): Parameter "numwords_a" = "16"
    Info (12134): Parameter "operation_mode" = "ROM"
    Info (12134): Parameter "outdata_aclr_a" = "NONE"
    Info (12134): Parameter "outdata_reg_a" = "CLOCK0"
    Info (12134): Parameter "widthad_a" = "4"
    Info (12134): Parameter "width_a" = "4"
    Info (12134): Parameter "width_byteena_a" = "1"
Info (12021): Found 1 design units, including 1 entities, in source file db/altsyncram_2a91.tdf
    Info (12023): Found entity 1: altsyncram_2a91 File: C:/intelFPGA/17.1/Lab4_RNGandROm_Sohail_M/syn3/db/altsyncram_2a91.tdf Line: 27
Info (12128): Elaborating entity "altsyncram_2a91" for hierarchy "ROM_Top_Test:rmt|altsyncram:altsyncram_component|altsyncram_2a91:auto_generated" File: c:/intelfpga_lite/17.1/quartus/libraries/megafunctions/altsyncram.tdf Line: 791
Info (12128): Elaborating entity "access_control" for hierarchy "access_control:a1" File: C:/intelFPGA/17.1/Lab4_RNGandROm_Sohail_M/sim/Lab3_Sohail_M.v Line: 23
Info (12128): Elaborating entity "unscramble" for hierarchy "unscramble:unscramblenum2" File: C:/intelFPGA/17.1/Lab4_RNGandROm_Sohail_M/sim/Lab3_Sohail_M.v Line: 27
Info (12128): Elaborating entity "randomNumb" for hierarchy "randomNumb:rnb" File: C:/intelFPGA/17.1/Lab4_RNGandROm_Sohail_M/sim/Lab3_Sohail_M.v Line: 29
Info (12128): Elaborating entity "button_inv" for hierarchy "randomNumb:rnb|button_inv:binv" File: C:/intelFPGA/17.1/Lab4_RNGandROm_Sohail_M/sim/randomNumber.v Line: 10
Info (12128): Elaborating entity "counter" for hierarchy "randomNumb:rnb|counter:cuntr" File: C:/intelFPGA/17.1/Lab4_RNGandROm_Sohail_M/sim/randomNumber.v Line: 11
Info (12128): Elaborating entity "load_register" for hierarchy "load_register:l1" File: C:/intelFPGA/17.1/Lab4_RNGandROm_Sohail_M/sim/Lab3_Sohail_M.v Line: 31
Info (12128): Elaborating entity "adder" for hierarchy "adder:addnums" File: C:/intelFPGA/17.1/Lab4_RNGandROm_Sohail_M/sim/Lab3_Sohail_M.v Line: 35
Info (12128): Elaborating entity "t_timer" for hierarchy "t_timer:tim" File: C:/intelFPGA/17.1/Lab4_RNGandROm_Sohail_M/sim/Lab3_Sohail_M.v Line: 39
Info (12128): Elaborating entity "seven_seg" for hierarchy "seven_seg:sevensegnum1" File: C:/intelFPGA/17.1/Lab4_RNGandROm_Sohail_M/sim/Lab3_Sohail_M.v Line: 41
Warning (12241): 1 hierarchies have connectivity warnings - see the Connectivity Checks report folder
Info (286030): Timing-Driven Synthesis is running
Info (17049): 9 registers lost all their fanouts during netlist optimizations.
Info (144001): Generated suppressed messages file C:/intelFPGA/17.1/Lab4_RNGandROm_Sohail_M/syn3/output_files/Lab4_Sohail_M.map.smsg
Info (16010): Generating hard_block partition "hard_block:auto_generated_inst"
    Info (16011): Adding 0 node(s), including 0 DDIO, 0 PLL, 0 transceiver and 0 LCELL
Info (21057): Implemented 228 device resources after synthesis - the final resource count might be different
    Info (21058): Implemented 21 input pins
    Info (21059): Implemented 37 output pins
    Info (21061): Implemented 166 logic cells
    Info (21064): Implemented 4 RAM segments
Info: Quartus Prime Analysis & Synthesis was successful. 0 errors, 2 warnings
    Info: Peak virtual memory: 679 megabytes
    Info: Processing ended: Mon Apr 09 10:35:39 2018
    Info: Elapsed time: 00:00:20
    Info: Total CPU time (on all processors): 00:00:42


+------------------------------------------+
; Analysis & Synthesis Suppressed Messages ;
+------------------------------------------+
The suppressed messages can be found in C:/intelFPGA/17.1/Lab4_RNGandROm_Sohail_M/syn3/output_files/Lab4_Sohail_M.map.smsg.


